<?xml version="1.0" encoding="UTF-8"?>
<!-- Generated by org.testng.reporters.JUnitReportReporter -->
<testsuite hostname="LAPTOP-KCI59CGK" failures="0" tests="4" name="pkg.TestNg" time="0.011" errors="0" timestamp="2021-10-05T16:24:58 IST" skipped="0">
  <testcase classname="pkg.TestNg" name="add_cust2" time="0.002"/>
  <system-out/>
  <testcase classname="pkg.TestNg" name="add_cust4" time="0.002"/>
  <system-out/>
  <testcase classname="pkg.TestNg" name="add_cust1" time="0.006"/>
  <system-out/>
  <testcase classname="pkg.TestNg" name="add_cust3" time="0.001"/>
  <system-out/>
</testsuite> <!-- pkg.TestNg -->
