<?xml version="1.0" encoding="UTF-8"?>
<!-- Generated by org.testng.reporters.JUnitReportReporter -->
<testsuite hostname="LAPTOP-KCI59CGK" failures="0" tests="2" name="pkg.Parameter_Xml" time="0.014" errors="0" timestamp="2021-10-05T18:01:06 IST" skipped="0">
  <testcase classname="pkg.Parameter_Xml" name="checkParameter" time="0.014"/>
  <system-out/>
  <testcase classname="pkg.Parameter_Xml" name="add" time="0.000"/>
  <system-out/>
</testsuite> <!-- pkg.Parameter_Xml -->
