<?xml version="1.0" encoding="UTF-8"?>
<!-- Generated by org.testng.reporters.JUnitReportReporter -->
<testsuite hostname="LAPTOP-KCI59CGK" failures="0" tests="1" name="pkg.Tryassert" time="0.003" errors="0" timestamp="2021-10-05T16:24:58 IST" skipped="0">
  <testcase classname="pkg.Tryassert" name="assertcheck" time="0.003"/>
  <system-out/>
</testsuite> <!-- pkg.Tryassert -->
