<?xml version="1.0" encoding="UTF-8"?>
<!-- Generated by org.testng.reporters.JUnitReportReporter -->
<testsuite hostname="LAPTOP-KCI59CGK" failures="0" tests="3" name="pkg.Groups" time="0.010" errors="0" timestamp="2021-10-05T14:58:22 IST" skipped="0">
  <testcase classname="pkg.Groups" name="add_cust2" time="0.001"/>
  <system-out/>
  <testcase classname="pkg.Groups" name="add_cust3" time="0.000"/>
  <system-out/>
  <testcase classname="pkg.Groups" name="add_cust1" time="0.009"/>
  <system-out/>
</testsuite> <!-- pkg.Groups -->
