<?xml version="1.0" encoding="UTF-8"?>
<!-- Generated by org.testng.reporters.JUnitReportReporter -->
<testsuite hostname="LAPTOP-KCI59CGK" failures="0" tests="4" name="pkg.Parameter_DataProvider" time="8.046" errors="0" timestamp="2021-10-06T10:38:57 IST" skipped="0">
  <testcase classname="pkg.Parameter_DataProvider" name="Test" time="2.016"/>
  <system-out/>
  <testcase classname="pkg.Parameter_DataProvider" name="Test" time="2.019"/>
  <system-out/>
  <testcase classname="pkg.Parameter_DataProvider" name="Test" time="2.008"/>
  <system-out/>
  <testcase classname="pkg.Parameter_DataProvider" name="Test" time="2.003"/>
  <system-out/>
</testsuite> <!-- pkg.Parameter_DataProvider -->
