<?xml version="1.0" encoding="UTF-8"?>
<!-- Generated by org.testng.reporters.JUnitReportReporter -->
<testsuite hostname="LAPTOP-KCI59CGK" failures="0" tests="3" name="pkg.TestNg2" time="0.005" errors="0" timestamp="2021-10-05T16:57:12 IST" skipped="0">
  <testcase classname="pkg.TestNg2" name="add_cust20" time="0.001"/>
  <system-out/>
  <testcase classname="pkg.TestNg2" name="add_cust" time="0.004"/>
  <system-out/>
  <testcase classname="pkg.TestNg2" name="add_cust19" time="0.000"/>
  <system-out/>
</testsuite> <!-- pkg.TestNg2 -->
