<?xml version="1.0" encoding="UTF-8"?>
<!-- Generated by org.testng.reporters.JUnitReportReporter -->
<testsuite hostname="LAPTOP-KCI59CGK" failures="0" tests="2" name="mvn.mvnproject.mvnBrowser" time="29.843" errors="0" timestamp="2021-10-06T16:55:29 IST" skipped="0">
  <testcase classname="mvn.mvnproject.mvnBrowser" name="search" time="14.953"/>
  <system-out/>
  <testcase classname="mvn.mvnproject.mvnBrowser" name="search" time="14.890"/>
  <system-out/>
</testsuite> <!-- mvn.mvnproject.mvnBrowser -->
