<?xml version="1.0" encoding="UTF-8"?>
<!-- Generated by org.testng.reporters.JUnitReportReporter -->
<testsuite hostname="LAPTOP-KCI59CGK" failures="0" tests="1" name="mvn.mvnproject.AppTest" time="0.008" errors="0" timestamp="2021-10-06T16:03:32 IST" skipped="0">
  <testcase classname="mvn.mvnproject.AppTest" name="shouldAnswerWithTrue" time="0.008"/>
  <system-out/>
</testsuite> <!-- mvn.mvnproject.AppTest -->
