<?xml version="1.0" encoding="UTF-8"?>
<!-- Generated by org.testng.reporters.JUnitReportReporter -->
<testsuite hostname="LAPTOP-KCI59CGK" failures="0" tests="2" name="com.ddf.test.LoginTest.loginTest_v2" time="27.389" errors="0" timestamp="2021-10-09T14:56:36 IST" skipped="0">
  <testcase classname="com.ddf.test.LoginTest.loginTest_v2" name="testTwo" time="13.724"/>
  <system-out/>
  <testcase classname="com.ddf.test.LoginTest.loginTest_v2" name="testOne" time="13.665"/>
  <system-out/>
</testsuite> <!-- com.ddf.test.LoginTest.loginTest_v2 -->
