<?xml version="1.0" encoding="UTF-8"?>
<!-- Generated by org.testng.reporters.JUnitReportReporter -->
<testsuite hostname="LAPTOP-KCI59CGK" failures="0" tests="2" name="com.ddf.test.LoginTest.loginTest_v6" time="16.281" errors="0" timestamp="2021-10-11T15:46:49 IST" skipped="0">
  <testcase classname="com.ddf.test.LoginTest.loginTest_v6" name="testOne" time="9.884"/>
  <system-out/>
  <testcase classname="com.ddf.test.LoginTest.loginTest_v6" name="testOne_2" time="6.397"/>
  <system-out/>
</testsuite> <!-- com.ddf.test.LoginTest.loginTest_v6 -->
