<?xml version="1.0" encoding="UTF-8"?>
<!-- Generated by org.testng.reporters.JUnitReportReporter -->
<testsuite hostname="LAPTOP-KCI59CGK" failures="0" tests="1" name="com.ddf.test.LoginTest.loginTest_v3_1_xml_OR" time="30.151" errors="0" timestamp="2021-10-11T17:17:44 IST" skipped="0">
  <testcase classname="com.ddf.test.LoginTest.loginTest_v3_1_xml_OR" name="testOne" time="30.151"/>
  <system-out/>
</testsuite> <!-- com.ddf.test.LoginTest.loginTest_v3_1_xml_OR -->
