<?xml version="1.0" encoding="UTF-8"?>
<!-- Generated by org.testng.reporters.JUnitReportReporter -->
<testsuite hostname="LAPTOP-KCI59CGK" failures="0" tests="1" name="com.ddf.test.LoginTest.temp_prop" time="0.010" errors="0" timestamp="2021-10-09T14:34:45 IST" skipped="0">
  <testcase classname="com.ddf.test.LoginTest.temp_prop" name="readprop" time="0.010"/>
  <system-out/>
</testsuite> <!-- com.ddf.test.LoginTest.temp_prop -->
