<?xml version="1.0" encoding="UTF-8"?>
<!-- Generated by org.testng.reporters.JUnitReportReporter -->
<testsuite hostname="LAPTOP-KCI59CGK" failures="0" tests="3" name="com.ddf.test.LoginTest.loginTest_v5" time="36.405" errors="0" timestamp="2021-10-11T12:45:27 IST" skipped="0">
  <testcase classname="com.ddf.test.LoginTest.loginTest_v5" name="testOne" time="10.688"/>
  <system-out/>
  <testcase classname="com.ddf.test.LoginTest.loginTest_v5" name="testOne" time="14.938"/>
  <system-out/>
  <testcase classname="com.ddf.test.LoginTest.loginTest_v5" name="testOne" time="10.779"/>
  <system-out/>
</testsuite> <!-- com.ddf.test.LoginTest.loginTest_v5 -->
