<?xml version="1.0" encoding="UTF-8"?>
<!-- Generated by org.testng.reporters.JUnitReportReporter -->
<testsuite hostname="LAPTOP-KCI59CGK" failures="0" tests="1" name="com.ddf.test.LoginTest.loginTest_v4" time="9.430" errors="0" timestamp="2021-10-09T16:58:51 IST" skipped="0">
  <testcase classname="com.ddf.test.LoginTest.loginTest_v4" name="testOne" time="9.430"/>
  <system-out/>
</testsuite> <!-- com.ddf.test.LoginTest.loginTest_v4 -->
