<?xml version="1.0" encoding="UTF-8"?>
<!-- Generated by org.testng.reporters.JUnitXMLReporter -->
<testsuite ignored="0" hostname="LAPTOP-KCI59CGK" failures="0" tests="9" name="Test-method test" time="3.071" errors="0" timestamp="2021-10-06T11:11:10 IST">
  <testcase classname="pkg.ParallelTest" name="B_Test" time="1.011"/>
  <testcase classname="pkg.ParallelTest" name="C_Test" time="1.013"/>
  <testcase classname="pkg.ParallelTest" name="A_Test" time="1.014"/>
  <testcase classname="pkg.ParallelTest" name="D_Test" time="1.009"/>
  <testcase classname="pkg.ParallelTest" name="E_Test" time="1.009"/>
  <testcase classname="pkg.ParallelTest" name="F_Test" time="1.008"/>
  <testcase classname="pkg.ParallelTest" name="I_Test" time="1.007"/>
  <testcase classname="pkg.ParallelTest" name="H_Test" time="1.009"/>
  <testcase classname="pkg.ParallelTest" name="G_Test" time="1.011"/>
</testsuite> <!-- Test-method test -->
