<?xml version="1.0" encoding="UTF-8"?>
<!-- Generated by org.testng.reporters.JUnitReportReporter -->
<testsuite hostname="LAPTOP-KCI59CGK" failures="0" tests="1" name="TestCases.MailTests" time="23.257" errors="0" timestamp="2021-10-16T14:00:56 IST" skipped="0">
  <testcase classname="TestCases.MailTests" name="writeMailTest" time="23.257"/>
  <system-out/>
</testsuite> <!-- TestCases.MailTests -->
