<?xml version="1.0" encoding="UTF-8"?>
<!-- Generated by org.testng.reporters.JUnitReportReporter -->
<testsuite hostname="LAPTOP-KCI59CGK" failures="0" tests="3" name="TestCases.MyPorfolioTest" time="68.065" errors="0" timestamp="2021-10-14T14:32:12 IST" skipped="0">
  <testcase classname="TestCases.MyPorfolioTest" name="addPortfolioTest" time="22.965"/>
  <system-out/>
  <testcase classname="TestCases.MyPorfolioTest" name="addPortfolioTest" time="22.595"/>
  <system-out/>
  <testcase classname="TestCases.MyPorfolioTest" name="addPortfolioTest" time="22.505"/>
  <system-out/>
</testsuite> <!-- TestCases.MyPorfolioTest -->
